<?xml version="1.0" encoding="UTF-8"?>
<testng-results skipped="0" failed="0" total="1" passed="1">
  <reporter-output>
  </reporter-output>
  <suite name="Default suite" duration-ms="24" started-at="2016-11-08T05:07:01Z" finished-at="2016-11-08T05:07:01Z">
    <groups>
    </groups>
    <test name="Default test" duration-ms="24" started-at="2016-11-08T05:07:01Z" finished-at="2016-11-08T05:07:01Z">
      <class name="springmvc.test.BaseTest">
        <test-method status="PASS" signature="before()[pri:0, instance:springmvc.test.BaseTest@4fe3c938]" name="before" is-config="true" duration-ms="10" started-at="2016-11-08T10:52:00Z" finished-at="2016-11-08T10:52:01Z">
          <reporter-output>
          </reporter-output>
        </test-method> <!-- before -->
        <test-method status="PASS" signature="test()[pri:0, instance:springmvc.test.BaseTest@4fe3c938]" name="test" duration-ms="9" started-at="2016-11-08T10:52:01Z" finished-at="2016-11-08T10:52:01Z">
          <reporter-output>
          </reporter-output>
        </test-method> <!-- test -->
        <test-method status="PASS" signature="after()[pri:0, instance:springmvc.test.BaseTest@4fe3c938]" name="after" is-config="true" duration-ms="1" started-at="2016-11-08T10:52:01Z" finished-at="2016-11-08T10:52:01Z">
          <reporter-output>
          </reporter-output>
        </test-method> <!-- after -->
      </class> <!-- springmvc.test.BaseTest -->
    </test> <!-- Default test -->
  </suite> <!-- Default suite -->
</testng-results>
